R R R Mp/cc km/s km/s km/s nT nT nT nPa Mp/cc km/s km/s km/s nPa uA/m2 uA/m2 uA/m2
       100  0.0000000000E+00 -1  7 17
      32
  1.5690000000E+06  1.0000000000E+00  1.6666700000E+00  1.6000000000E+01  3.2000000000E+01  3.9269908170E-10  0.0000000000E+00
x Rho Ux Uy Uz Bx By Bz Pe P O2pRho O2pUx O2pUy O2pUz O2pP jx jy jz xSI r g m1 m2 cuty cutz
  1.0683967546E+00  3.1731167562E+02 -2.2439345974E+01  1.3262973538E+00  2.2448072567E-10 -2.1936203964E-09 -5.6591217615E-09 -4.2090366881E+02  1.1783380548E-01  3.4573307891E-01  1.7555589293E+03 -2.2439345974E+01  1.3262973538E+00  2.2448072567E-10  4.2067308470E-01 -6.0095371248E-03  1.2175024969E-01 -6.9318138198E-12
  1.2433198624E+00  3.2508764013E+02 -2.8817498685E+01  2.0462709341E+00  2.2846889658E-10 -2.4808666232E-09 -5.0254897396E-09 -4.2072041459E+02  1.7724282506E-01  3.9456804133E-01  1.0485340421E+03 -2.8817498685E+01  2.0462709341E+00  2.2846889658E-10  3.7919957883E-01  2.9792044836E-03  2.1024429899E-02 -1.0865665328E-12
 -1.4468822313E+00  3.2150748836E+02 -3.8457724504E+01  3.1531654861E+00  1.9027205853E-10 -2.7110047540E-09 -3.9903252161E-09 -4.1954137921E+02  2.1977090561E-01  4.1499866713E-01  4.5583198607E+02 -3.8457724504E+01  3.1531654861E+00  1.9027205853E-10  2.4289279867E-01  3.2045449251E-03  3.8249043638E-03 -6.7548294432E-13
 -1.6837728203E+00  3.2084908588E+02 -5.0631395311E+01  3.8259034856E+00  1.0904052661E-10 -2.4731714454E-09 -2.8771306379E-09 -4.1774965395E+02  2.3887438585E-01  4.2044835533E-01  1.8261925841E+02 -5.0631395311E+01  3.8259034856E+00  1.0904052661E-10  1.3290124447E-01  2.5997088780E-03 -4.4467394764E-03 -4.7821349745E-13
 -1.9594482875E+00  3.2067335184E+02 -6.3881886974E+01  3.5807763305E+00  4.3130658767E-11 -1.8844905636E-09 -1.8723129366E-09 -4.1558004263E+02  2.4568848264E-01  4.1954018393E-01  7.0535113183E+01 -6.3881886974E+01  3.5807763305E+00  4.3130658767E-11  6.6160223615E-02  1.8491803729E-03 -6.9790764514E-03 -2.6993063004E-13
 -2.2802586816E+00  3.2019117233E+02 -7.5867542210E+01  2.7123055428E+00  1.3346393435E-11 -1.2164119711E-09 -1.0943674994E-09 -4.1356489048E+02  2.4734880329E-01  4.1679760086E-01  2.6061233646E+01 -7.5867542210E+01  2.7123055428E+00  1.3346393435E-11  3.0269766881E-02  1.2211471946E-03 -6.5229575086E-03 -1.2562477100E-13
 -2.6535937123E+00  3.1972661734E+02 -8.5140612515E+01  1.7655643392E+00  4.1540451634E-12 -6.7648597835E-10 -5.7801408104E-10 -4.1220412670E+02  2.4741125167E-01  4.1454263041E-01  9.2057241975E+00 -8.5140612515E+01  1.7655643392E+00  4.1540451634E-12  1.2806195851E-02  7.4969546439E-04 -4.7949009234E-03 -5.3265016367E-14
  3.0880529681E+00  3.1951386473E+02 -9.1510066431E+01  1.0316044153E+00  1.6029374009E-12 -3.2572650133E-10 -2.7879213868E-10 -4.1157962976E+02  2.4730896677E-01  4.1341647761E-01  3.1392384934E+00 -9.1510066431E+01  1.0316044153E+00  1.6029374009E-12  5.0589906055E-03  4.2548022409E-04 -2.9920567688E-03 -2.1908821430E-14
  3.5936440042E+00  3.1952927189E+02 -9.5476860515E+01  5.5440638562E-01  7.4865157476E-13 -1.3517312270E-10 -1.2374364380E-10 -4.1146064244E+02  2.4737246735E-01  4.1315532058E-01  1.0564141069E+00 -9.5476860515E+01  5.5440638562E-01  7.4865114108E-13  1.8913537702E-03  2.2327430224E-04 -1.6509474305E-03 -8.3491292222E-15
 -4.1820128613E+00  3.1965151073E+02 -9.7744639966E+01  2.7743208766E-01  3.9028524336E-13 -4.7066413267E-11 -5.0676011998E-11 -4.1157016971E+02  2.4754280163E-01  4.1330549709E-01  3.7125338342E-01 -9.7744639966E+01  2.7743208766E-01  3.9028524336E-13  6.8529065736E-04  1.0866045714E-04 -8.2515952543E-04 -2.8218996870E-15
 -4.8667123264E+00  3.1978339035E+02 -9.8944582085E+01  1.3006043648E-01  2.0527080469E-13 -1.2517927667E-11 -1.9122670027E-11 -4.1172557318E+02  2.4771750205E-01  4.1355055558E-01  1.5521901590E-01 -9.8944582085E+01  1.3006043648E-01  2.0527080469E-13  2.5427366715E-04  4.9198243809E-05 -3.7889909309E-04 -8.1503172487E-16
  5.6635141147E+00  3.1988213238E+02 -9.9535460563E+01  5.7314913985E-02  1.0009438482E-13 -1.4889652011E-12 -6.6260807605E-12 -4.1184897434E+02  2.4784674634E-01  4.1375096425E-01  8.9997139562E-02 -9.9535460563E+01  5.7314913985E-02  1.0009443903E-13  1.0867381251E-04  2.0779653755E-05 -1.6119246866E-04 -1.9860082406E-16
 -6.5907721633E+00  3.1994255222E+02 -9.9807274588E+01  2.3800852282E-02  4.3234089675E-14  9.3392784825E-13 -2.0955775093E-12 -4.1192597543E+02  2.4792544604E-01  4.1387753869E-01  7.1136152070E-02 -9.9807274588E+01  2.3800852282E-02  4.3234099840E-14  6.1850733535E-05  8.2044009989E-06 -6.3873836438E-05 -3.9133458176E-17
 -7.6698454050E+00  3.1997452619E+02 -9.9924426129E+01  9.3408119671E-03  1.6310419210E-14  9.1278070172E-13 -5.9838653401E-13 -4.1196703696E+02  2.4796698305E-01  4.1394544563E-01  6.5897413898E-02 -9.9924426129E+01  9.3408119671E-03  1.6310425987E-14  4.7415217168E-05  3.0351077667E-06 -2.3669613173E-05 -3.3777895498E-18
 -8.9255897608E+00  3.1998961952E+02 -9.9971900988E+01  3.4759246064E-03  5.3063310717E-15  5.2175077410E-13 -1.5122591154E-13 -4.1198648714E+02  2.4798655787E-01  4.1397771288E-01  6.4491421210E-02 -9.9971900988E+01  3.4759246064E-03  5.3063319187E-15  4.3117903304E-05  1.0552656588E-06 -8.2363820804E-06  2.0067194865E-20
  1.0386930684E+01  3.1999609481E+02 -9.9990056806E+01  1.2314077807E-03  1.4532247815E-15  2.3461487202E-13 -3.2570383632E-14 -4.1199485054E+02  2.4799494647E-01  4.1399160314E-01  6.4124492031E-02 -9.9990056806E+01  1.2314077807E-03  1.4532247815E-15  4.1876794242E-05  3.4600800975E-07 -2.7019914480E-06  4.0814233967E-19
  1.2087529443E+01  3.1999865181E+02 -9.9996636029E+01  4.1752702138E-04  3.4409358229E-16  8.8841125212E-14 -5.9830849856E-15 -4.1199816315E+02  2.4799825653E-01  4.1399709832E-01  6.4030882000E-02 -9.9996636029E+01  4.1752702138E-04  3.4409358229E-16  4.1528396317E-05  1.0737839206E-07 -8.3903180306E-07  1.0816089613E-19
 -1.4066558494E+01  3.1999958883E+02 -9.9998905429E+01  1.3658199434E-04  1.1332707911E-16  2.0238910374E-14 -9.5064201736E-16 -4.1199938512E+02  2.4799946894E-01  4.1399911414E-01  6.4007469130E-02 -9.9998905429E+01  1.3658199434E-04  1.1332707911E-16  4.1433430673E-05  3.1642463912E-08 -2.4754574912E-07  2.8826254154E-19
 -1.6369603797E+01  3.1999990801E+02 -9.9999654344E+01  4.3746422165E-05  7.3926494538E-17 -1.7026787108E-15 -5.1887830818E-16 -4.1199980855E+02  2.4799988185E-01  4.1399980114E-01  6.4001725740E-02 -9.9999654344E+01  4.3746422165E-05  7.3926494538E-17  4.1408368478E-05  8.8654881390E-09 -6.9563283127E-08  3.9146340907E-19
  1.9049714867E+01  3.2000000754E+02 -9.9999892172E+01  1.4171305863E-05  1.9668105035E-17 -2.2953915244E-16 -3.4312754122E-16 -4.1199994710E+02  2.4800001068E-01  4.1400001535E-01  6.4000342163E-02 -9.9999892172E+01  1.4171305863E-05  1.9668105035E-17  4.1401985855E-05  2.3482759756E-09 -1.8579187364E-08  6.8807846339E-20
  2.2168626744E+01  3.2000003382E+02 -9.9999965363E+01  4.9888431705E-06 -2.1399440379E-17  2.9095039637E-15 -1.4769105755E-15 -4.1199998979E+02  2.4800004481E-01  4.1400007179E-01  6.4000009279E-02 -9.9999965363E+01  4.9888431705E-06 -2.1399440379E-17  4.1400418593E-05  5.7079534902E-10 -4.6355783345E-09 -2.5111523267E-19
  2.5798182026E+01  3.2000003723E+02 -9.9999987402E+01  2.1518847401E-06 -2.5958171702E-17  1.9426383008E-15 -1.9976563200E-15 -4.1200000176E+02  2.4800004941E-01  4.1400007893E-01  6.3999921521E-02 -9.9999987402E+01  2.1518847401E-06 -2.5957324669E-17  4.1400043225E-05  1.1126677540E-10 -1.0031703774E-09 -2.6750305204E-19
 -3.0021985735E+01  3.2000003412E+02 -9.9999994001E+01  1.2378086482E-06  1.6272349950E-17  3.4776890060E-15 -1.7687050085E-15 -4.1200000426E+02  2.4800004560E-01  4.1400007200E-01  6.3999887692E-02 -9.9999994001E+01  1.2378086482E-06  1.6272349950E-17  4.1399949423E-05  2.0287129482E-12 -1.1850794139E-10 -5.1603784844E-20
 -3.4937331110E+01  3.2000002949E+02 -9.9999996038E+01  8.9813900192E-07 -2.6925483327E-17  5.4761266610E-15 -9.0431310033E-16 -4.1200000391E+02  2.4800003987E-01  4.1400006177E-01  6.3999863759E-02 -9.9999996038E+01  8.9813900192E-07 -2.6925906844E-17  4.1399918193E-05 -1.8844622992E-11  6.8277559034E-11  1.2181186217E-19
 -4.0657440712E+01  3.2000002476E+02 -9.9999996765E+01  7.2984202652E-07 -5.4855547730E-17  4.9118553344E-15 -4.0697008205E-16 -4.1200000268E+02  2.4800003404E-01  4.1400005130E-01  6.3999840058E-02 -9.9999996765E+01  7.2984202652E-07 -5.4855971247E-17  4.1399899312E-05 -1.9337111998E-11  9.0840933021E-11  2.0324013135E-19
  4.7314074451E+01  3.2000002027E+02 -9.9999997161E+01  6.1216598841E-07 -3.4817501055E-17 -2.9620538878E-15 -3.0717367929E-16 -4.1200000114E+02  2.4800002853E-01  4.1400004131E-01  6.3999815058E-02 -9.9999997161E+01  6.1216598841E-07 -3.4817501055E-17  4.1399882130E-05 -1.6172519467E-11  8.1376159099E-11  1.9921346486E-19
  5.5060564609E+01  3.2000001605E+02 -9.9999997534E+01  5.0807291032E-07  2.9444347554E-17 -4.5251428659E-15  7.9816438721E-16 -4.1199999948E+02  2.4800002338E-01  4.1400003189E-01  6.3999789795E-02 -9.9999997534E+01  5.0807291032E-07  2.9444347554E-17  4.1399865297E-05 -1.3007913428E-11  6.9219006543E-11  1.7233061921E-19
 -6.4075347774E+01  3.2000001204E+02 -9.9999997974E+01  4.0728913768E-07  7.5141563300E-17 -2.0608931000E-15  9.3032108815E-16 -4.1199999782E+02  2.4800001847E-01  4.1400002297E-01  6.3999767206E-02 -9.9999997974E+01  4.0728913768E-07  7.5141563300E-17  4.1399850305E-05 -1.0353721394E-11  5.8655615230E-11  1.4410725075E-19
 -7.4566075039E+01  3.2000000817E+02 -9.9999998479E+01  3.1031360203E-07  3.9011372935E-17  3.1091589467E-15  2.4739758482E-16 -4.1199999623E+02  2.4800001365E-01  4.1400001446E-01  6.3999752619E-02 -9.9999998479E+01  3.1031360203E-07  3.9011372935E-17  4.1399840524E-05 -8.1191774073E-12  4.9193949231E-11  3.7997870750E-20
  8.6774395144E+01  3.2000000438E+02 -9.9999998978E+01  2.2345253291E-07  1.0293567892E-18  5.0810419071E-15 -3.6027993193E-16 -4.1199999480E+02  2.4800000872E-01  4.1400000632E-01  6.3999754487E-02 -9.9999998978E+01  2.2345253291E-07  1.0293567892E-18  4.1399841406E-05 -6.3117764652E-12  4.1559723247E-11  2.9315290025E-20
 -1.0098152073E+02  3.2000000067E+02 -9.9999999303E+01  1.6071619881E-07  9.1970837413E-18  1.9157427813E-15 -5.9821125520E-16 -4.1199999362E+02  2.4800000353E-01  4.1399999870E-01  6.3999784941E-02 -9.9999999303E+01  1.6071619881E-07  9.1970837413E-18  4.1399860805E-05 -5.5310809783E-12  4.2831642937E-11 -4.3675230034E-20
  1.1751470596E+02  3.1999999738E+02 -9.9999998823E+01  1.7497910450E-07 -5.1723008133E-18  1.0479160751E-15 -2.5491346698E-16 -4.1199999310E+02  2.4799999835E-01  4.1399999257E-01  6.3999859969E-02 -9.9999998823E+01  1.7497910450E-07 -5.1723008133E-18  4.1399909103E-05 -2.5459850936E-12  2.1565122951E-11 -4.0086970633E-20
