R deg deg Mp/cc km/s km/s km/s nT nT nT nPa Mp/cc km/s km/s km/s nPa uA/m2 uA/m2 uA/m2
       100  0.0000000000E+00 -1  7 17
      30
  1.5690000000E+06  1.0000000000E+00  1.6666700000E+00  1.6000000000E+01  3.2000000000E+01  3.9269908170E-10  0.0000000000E+00
r Rho Ux Uy Uz Bx By Bz Pe P O2pRho O2pUx O2pUy O2pUz O2pP jx jy jz xSI r g m1 m2 cutlon cutlat
  1.0787607978E+00  5.2217555737E+02 -1.3866895625E+01  1.0311263349E+00  3.3516156170E-10 -3.5558862521E-09 -8.7933703600E-09 -4.7774705669E+02  1.8015739517E-01  5.6295716431E-01  2.9837444837E+03 -1.3866895625E+01  1.0311263349E+00  3.3516156170E-10  6.1403644562E-01 -6.3480409906E-03  1.4052868361E-01 -2.1400066181E-11
  1.2553807570E+00  4.5492583364E+02 -1.8940220065E+01  1.7582471062E+00  3.6091867646E-10 -4.2697649860E-09 -7.7843987705E-09 -4.7792099813E+02  2.3949094949E-01  5.5768261828E-01  1.6644939141E+03 -1.8940220065E+01  1.7582471062E+00  3.6091867646E-10  4.8054719701E-01  3.9273919673E-03  2.3379130932E-02 -4.3654854037E-12
  1.4609177942E+00  3.9787096758E+02 -2.8321276061E+01  3.0213968678E+00  3.1840322740E-10 -4.8551882514E-09 -6.1736063761E-09 -4.7016130534E+02  2.7745070273E-01  5.3239110524E-01  6.5897019601E+02 -2.8321276061E+01  3.0213968678E+00  3.1840322740E-10  2.7944321215E-01  4.0050120415E-03  3.2454154932E-03 -2.3156230080E-12
  1.7001063537E+00  3.6726062448E+02 -4.2357889854E+01  3.9237211963E+00  1.9482424007E-10 -4.4205505922E-09 -4.4468053684E-09 -4.5817599726E+02  2.8447119588E-01  5.0253025078E-01  2.3615871703E+02 -4.2357889854E+01  3.9237211963E+00  1.9482424007E-10  1.3911979402E-01  3.2039220837E-03 -6.7283041748E-03 -1.2917203657E-12
  1.9784560264E+00  3.4946744216E+02 -5.8747402178E+01  3.7222099887E+00  8.5357249047E-11 -3.2925293603E-09 -2.8646571087E-09 -4.4517958025E+02  2.7820650550E-01  4.7486587620E-01  8.0162503088E+01 -5.8747402178E+01  3.7222099887E+00  8.5357249047E-11  6.2340432280E-02  2.2743020770E-03 -9.8518806246E-03 -6.7298383121E-13
  2.3023784599E+00  3.3775919572E+02 -7.3626310856E+01  2.7278839139E+00  3.0791633132E-11 -2.0421284663E-09 -1.6315949009E-09 -4.3345209685E+02  2.6865546400E-01  4.5213819145E-01  2.5299281774E+01 -7.3626310856E+01  2.7278839139E+00  3.0791633132E-11  2.5120070951E-02  1.4772834133E-03 -8.9107563944E-03 -3.3206801837E-13
  2.6793350481E+00  3.3000236275E+02 -8.4752717001E+01  1.6617439064E+00  1.0620400392E-11 -1.0657947858E-09 -8.2591621042E-10 -4.2449689760E+02  2.6031610654E-01  4.3573766705E-01  7.3694541840E+00 -8.4752717001E+01  1.6617439064E+00  1.0620400392E-11  9.1251422067E-03  8.6813742165E-04 -6.2235795682E-03 -1.6245267257E-13
  3.1180088005E+00  3.2520831031E+02 -9.1959206604E+01  8.8782139087E-01  3.5474505278E-12 -4.6271808607E-10 -3.7623058835E-10 -4.1861177489E+02  2.5457851893E-01  4.2533307016E-01  2.0181919871E+00 -9.1959206604E+01  8.8782139087E-01  3.5474505278E-12  3.0388426169E-03  4.5853456412E-04 -3.6111375191E-03 -7.8994189323E-14
  3.6285043510E+00  3.2250653686E+02 -9.6105037116E+01  4.2914251965E-01  1.1073199649E-12 -1.5982370982E-10 -1.5584333130E-10 -4.1520588446E+02  2.5120196485E-01  4.1944362477E-01  5.5428421778E-01 -9.6105037116E+01  4.2914251965E-01  1.1073190975E-12  9.5920564764E-04  2.1863168335E-04 -1.8175890441E-03 -3.5740992278E-14
  4.2225807134E+00  3.2111855874E+02 -9.8255948372E+01  1.9086610241E-01  3.8461963649E-13 -3.6883926469E-11 -5.8983720685E-11 -4.1343567942E+02  2.4943624229E-01  4.1642391889E-01  1.8142250940E-01 -9.8255948372E+01  1.9086610241E-01  3.8461963649E-13  3.0705318536E-04  9.4896420400E-05 -8.1576336099E-04 -1.4623387501E-14
  4.9139221444E+00  3.2046471294E+02 -9.9274261853E+01  7.8843915282E-02  1.8600594155E-13  8.7421042627E-13 -2.0391378690E-11 -4.1259739813E+02  2.4859816528E-01  4.1500535828E-01  9.1314215772E-02 -9.9274261853E+01  7.8843915282E-02  1.8600594155E-13  1.1521172183E-04  3.7808322481E-05 -3.3229827615E-04 -5.3706176960E-15
  5.7184533536E+00  3.2018053355E+02 -9.9718041150E+01  3.0432596992E-02  1.0663830387E-13  7.0334103125E-12 -6.4187125667E-12 -4.1223218166E+02  2.4823267497E-01  4.1439013689E-01  7.0270060635E-02 -9.9718041150E+01  3.0432596992E-02  1.0663833098E-13  6.1303468398E-05  1.3919935122E-05 -1.2424953618E-04 -1.7903841418E-15
  6.6547063213E+00  3.2006593910E+02 -9.9897251873E+01  1.1031378470E-02  5.7081855247E-14  5.0262146875E-12 -1.8278505879E-12 -4.1208475055E+02  2.4808504542E-01  4.1414239706E-01  6.5436900774E-02 -9.9897251873E+01  1.1031378470E-02  5.7081848471E-14  4.6634301449E-05  4.7637534958E-06 -4.2999778828E-05 -5.4650590903E-16
  7.7442471740E+00  3.2002279078E+02 -9.9964762266E+01  3.7687349929E-03  2.6641590071E-14  2.5298600020E-12 -4.6283108097E-13 -4.1202921876E+02  2.4802940798E-01  4.1404919523E-01  6.4329750584E-02 -9.9964762266E+01  3.7687349929E-03  2.6641590071E-14  4.2740205109E-05  1.5250022668E-06 -1.3880937229E-05 -1.5373639390E-16
  9.0121729489E+00  3.2000752282E+02 -9.9988628928E+01  1.2139160000E-03  1.0875974194E-14  1.0508840976E-12 -9.9322155047E-14 -4.1200957444E+02  2.4800971027E-01  4.1401623328E-01  6.4075389711E-02 -9.9988628928E+01  1.2139160000E-03  1.0875975888E-14  4.1732270038E-05  4.5968132634E-07 -4.2111715358E-06 -4.2083313694E-17
  1.0487689692E+01  3.2000240910E+02 -9.9996590404E+01  3.6479180287E-04  3.9419625875E-15  3.8212431808E-13 -1.5964101108E-14 -4.1200300391E+02  2.4800311069E-01  4.1400519697E-01  6.4016986884E-02 -9.9996590404E+01  3.6479180287E-04  3.9419625875E-15  4.1479247219E-05  1.3149954762E-07 -1.2110101538E-06 -9.9536371916E-18
  1.2204785206E+01  3.2000077341E+02 -9.9999105270E+01  9.7156268279E-05  1.3315069940E-15  1.2660535055E-13 -2.0766012201E-15 -4.1200091086E+02  2.4800099931E-01  4.1400166763E-01  6.4003709904E-02 -9.9999105270E+01  9.7156268279E-05  1.3315086880E-15  4.1418068662E-05  3.6096647136E-08 -3.3406096541E-07 -2.0874827649E-18
  1.4203011940E+01  3.2000026721E+02 -9.9999854965E+01  1.7348372966E-05  4.0931173110E-16  2.9794919244E-14  1.8531217413E-15 -4.1200027079E+02  2.4800034586E-01  4.1400057550E-01  6.4000749324E-02 -9.9999854965E+01  1.7348372966E-05  4.0931173110E-16  4.1403905928E-05  9.6928833629E-09 -9.0264764818E-08 -1.7313774593E-19
  1.6528398064E+01  3.2000011197E+02 -1.0000005993E+02 -4.6231713819E-06  1.1884041657E-16  1.7137133531E-16  3.0307028112E-16 -4.1200008114E+02  2.4800014554E-01  4.1400024053E-01  6.4000101374E-02 -1.0000005993E+02 -4.6231713819E-06  1.1884041657E-16  4.1400776856E-05  2.6518926472E-09 -2.4972327037E-08  3.0463723608E-19
  1.9234507703E+01  3.2000006227E+02 -1.0000010447E+02 -9.5733959950E-06 -2.0294909416E-17  7.9372323465E-16  3.0472402560E-15 -4.1200002599E+02  2.4800008150E-01  4.1400013318E-01  6.3999955622E-02 -1.0000010447E+02 -9.5733959950E-06 -2.0294909416E-17  4.1400113805E-05  8.0600036984E-10 -7.7576591283E-09 -4.3267486591E-19
  2.2383674761E+01  3.2000004378E+02 -1.0000010444E+02 -9.7808765750E-06 -5.0878728043E-17  2.4846661187E-15  5.4766847499E-16 -4.1200000981E+02  2.4800005780E-01  4.1400009313E-01  6.3999913793E-02 -1.0000010444E+02 -9.7808765750E-06 -5.0878728043E-17  4.1399973339E-05  3.1017793023E-10 -3.0857294379E-09 -5.8536603753E-19
  2.6048438750E+01  3.2000003466E+02 -1.0000009339E+02 -8.8017129137E-06 -5.9349904548E-17  6.0940064911E-15 -1.5211081724E-15 -4.1200000462E+02  2.4800004622E-01  4.1400007326E-01  6.3999891232E-02 -1.0000009339E+02 -8.8017129137E-06 -5.9349057515E-17  4.1399937005E-05  1.6147813473E-10 -1.6565814706E-09 -3.5923512762E-19
  3.0313215705E+01  3.2000002857E+02 -1.0000008066E+02 -7.6232267855E-06 -4.0367896200E-17  5.5200137674E-15 -4.0654801083E-15 -4.1200000242E+02  2.4800003858E-01  4.1400005988E-01  6.3999870521E-02 -1.0000008066E+02 -7.6232267855E-06 -4.0367896200E-17  4.1399919360E-05  1.0493492655E-10 -1.0971508412E-09  2.7572080062E-21
  3.5276242666E+01  3.2000002364E+02 -1.0000006862E+02 -6.5002419087E-06 -1.0361076417E-16 -2.7815033093E-15 -3.8716678791E-15 -4.1200000096E+02  2.4800003248E-01  4.1400004898E-01  6.3999848236E-02 -1.0000006862E+02 -6.5002419087E-06 -1.0361076417E-16  4.1399903884E-05  7.5892557880E-11 -8.0184550328E-10  2.0883491303E-19
  4.1051840515E+01  3.2000001929E+02 -1.0000005778E+02 -5.4870012582E-06 -7.7766094887E-17 -2.1558055769E-15 -2.0048690173E-15 -4.1199999960E+02  2.4800002715E-01  4.1400003930E-01  6.3999824094E-02 -1.0000005778E+02 -5.4870012582E-06 -7.7766094887E-17  4.1399887778E-05  5.7190353767E-11 -6.0788205225E-10  3.8657710314E-19
  4.7773047305E+01  3.2000001531E+02 -1.0000004817E+02 -4.5877086318E-06 -4.6205223756E-17 -4.0300510494E-15 -5.5588802977E-16 -4.1199999825E+02  2.4800002231E-01  4.1400003042E-01  6.3999799119E-02 -1.0000004817E+02 -4.5877086318E-06 -4.6205223756E-17  4.1399871249E-05  4.3615602762E-11 -4.6489352818E-10  4.5574417384E-19
  5.5594682729E+01  3.2000001160E+02 -1.0000003976E+02 -3.7974480019E-06  2.0444410731E-17 -2.7499979189E-15 -4.1390550841E-16 -4.1199999690E+02  2.4800001780E-01  4.1400002213E-01  6.3999775725E-02 -1.0000003976E+02 -3.7974480019E-06  2.0444410731E-17  4.1399855780E-05  3.3190497842E-11 -3.5365683033E-10  2.6209924849E-19
  6.4696914307E+01  3.2000000809E+02 -1.0000003251E+02 -3.1114090109E-06  4.2618039225E-17 -5.6031045231E-15  6.6863031204E-16 -4.1199999564E+02  2.4800001347E-01  4.1400001435E-01  6.3999758124E-02 -1.0000003251E+02 -3.1114090109E-06  4.2618039225E-17  4.1399844081E-05  2.4988167430E-11 -2.6537954403E-10  1.4850213990E-19
  7.5289407466E+01  3.2000000471E+02 -1.0000002635E+02 -2.5247337483E-06  1.6792851696E-17 -2.5622340079E-15  1.6742717139E-15 -4.1199999452E+02  2.4800000918E-01  4.1400000701E-01  6.3999752498E-02 -1.0000002635E+02 -2.5247337483E-06  1.6792851696E-17  4.1399840147E-05  1.8473979598E-11 -1.9505567429E-10  3.6546438439E-20
  8.7616155070E+01  3.2000000146E+02 -1.0000002118E+02 -2.0286800922E-06  9.6765043894E-18  1.1576303999E-15  1.4566310980E-15 -4.1199999358E+02  2.4800000479E-01  4.1400000019E-01  6.3999766560E-02 -1.0000002118E+02 -2.0286800922E-06  9.6765043894E-18  4.1399848972E-05  1.3091834735E-11 -1.3696140241E-10 -1.6649429340E-20
